Started GET "/" for ::1 at 2024-01-26 21:15:09 -0800
Processing by Rails::WelcomeController#index as HTML
  Rendering /Users/timmuangkeo/.rbenv/versions/2.5.7/lib/ruby/gems/2.5.0/gems/railties-5.2.8.1/lib/rails/templates/rails/welcome/index.html.erb
  Rendered /Users/timmuangkeo/.rbenv/versions/2.5.7/lib/ruby/gems/2.5.0/gems/railties-5.2.8.1/lib/rails/templates/rails/welcome/index.html.erb (3.1ms)
Completed 200 OK in 10ms (Views: 6.9ms | ActiveRecord: 0.0ms)


Started POST "/authenticate" for ::1 at 2024-01-27 16:26:06 -0800
Processing by BrytecoreAuthController#authenticate as */*
  Parameters: {"username"=>"02b82a8e-81d1-4406-ab27-2813de75f9e1", "password"=>"[FILTERED]", "brytecore_auth"=>{"username"=>"02b82a8e-81d1-4406-ab27-2813de75f9e1", "password"=>"[FILTERED]"}}
Completed 500 Internal Server Error in 35ms (ActiveRecord: 0.0ms)


  
NameError (uninitialized constant BrytecoreAuthController::RestClient):
  
app/controllers/brytecore_auth_controller.rb:43:in `rescue in fetch_access_token'
app/controllers/brytecore_auth_controller.rb:27:in `fetch_access_token'
app/controllers/brytecore_auth_controller.rb:11:in `authenticate'
Started POST "/authenticate" for ::1 at 2024-01-27 16:26:19 -0800
Processing by BrytecoreAuthController#authenticate as */*
  Parameters: {"username"=>"02b82a8e-81d1-4406-ab27-2813de75f9e1", "password"=>"[FILTERED]", "brytecore_auth"=>{"username"=>"02b82a8e-81d1-4406-ab27-2813de75f9e1", "password"=>"[FILTERED]"}}
Completed 500 Internal Server Error in 9ms (ActiveRecord: 0.0ms)


  
NameError (uninitialized constant BrytecoreAuthController::RestClient):
  
app/controllers/brytecore_auth_controller.rb:43:in `rescue in fetch_access_token'
app/controllers/brytecore_auth_controller.rb:27:in `fetch_access_token'
app/controllers/brytecore_auth_controller.rb:11:in `authenticate'
Started POST "/authenticate" for ::1 at 2024-01-27 16:29:28 -0800
Processing by BrytecoreAuthController#authenticate as */*
  Parameters: {"username"=>"02b82a8e-81d1-4406-ab27-2813de75f9e1", "password"=>"[FILTERED]", "brytecore_auth"=>{"username"=>"02b82a8e-81d1-4406-ab27-2813de75f9e1", "password"=>"[FILTERED]"}}
Error fetching access token: Unauthorized
Completed 200 OK in 694ms (Views: 0.2ms | ActiveRecord: 0.0ms)


Started POST "/authenticate" for ::1 at 2024-01-27 16:31:41 -0800
Processing by BrytecoreAuthController#authenticate as */*
  Parameters: {"username"=>"02b82a8e-81d1-4406-ab27-2813de75f9e1", "password"=>"[FILTERED]", "brytecore_auth"=>{"username"=>"02b82a8e-81d1-4406-ab27-2813de75f9e1", "password"=>"[FILTERED]"}}
Error fetching access token: Unauthorized
Completed 200 OK in 689ms (Views: 0.2ms | ActiveRecord: 0.0ms)


Started POST "/authenticate" for ::1 at 2024-01-27 16:32:50 -0800
Processing by BrytecoreAuthController#authenticate as */*
  Parameters: {"username"=>"02b82a8e-81d1-4406-ab27-2813de75f9e1", "password"=>"[FILTERED]", "brytecore_auth"=>{"username"=>"02b82a8e-81d1-4406-ab27-2813de75f9e1", "password"=>"[FILTERED]"}}
Error fetching access token: Unauthorized
Completed 200 OK in 538ms (Views: 0.2ms | ActiveRecord: 0.0ms)


Started POST "/authenticate" for ::1 at 2024-01-27 16:34:12 -0800
Processing by BrytecoreAuthController#authenticate as */*
  Parameters: {"username"=>"02b82a8e-81d1-4406-ab27-2813de75f9e1", "password"=>"[FILTERED]", "brytecore_auth"=>{"username"=>"02b82a8e-81d1-4406-ab27-2813de75f9e1", "password"=>"[FILTERED]"}}
Error fetching access token: Unauthorized
Completed 200 OK in 641ms (Views: 0.2ms | ActiveRecord: 0.0ms)


Started POST "/authenticate" for ::1 at 2024-01-27 16:36:44 -0800
Processing by BrytecoreAuthController#authenticate as */*
  Parameters: {"username"=>"02b82a8e-81d1-4406-ab27-2813de75f9e1", "password"=>"[FILTERED]", "brytecore_auth"=>{"username"=>"02b82a8e-81d1-4406-ab27-2813de75f9e1", "password"=>"[FILTERED]"}}
Completed 200 OK in 717ms (Views: 0.2ms | ActiveRecord: 0.0ms)


